<component name="libraryTable">
  <library name="junit-jupiter-params-5.5.1-ijar_47a1fdf4">
    <CLASSES>
      <root url="jar://$USER_HOME$/.cache/bazel/_bazel_stu/b858076a4165ad91a8ea1d27d04c50e2/execroot/template/bazel-out/k8-fastbuild/bin/external/org_junit_jupiter_junit_jupiter_params/jar/_ijar/jar/external/org_junit_jupiter_junit_jupiter_params/jar/junit-jupiter-params-5.5.1-ijar.jar!/" />
    </CLASSES>
    <JAVADOC />
    <SOURCES />
  </library>
</component>