<component name="libraryTable">
  <library name="junit-platform-suite-api-1.5.1-ijar_6a2166a8">
    <CLASSES>
      <root url="jar://$USER_HOME$/.cache/bazel/_bazel_stu/b858076a4165ad91a8ea1d27d04c50e2/execroot/template/bazel-out/k8-fastbuild/bin/external/org_junit_platform_junit_platform_suite_api/jar/_ijar/jar/external/org_junit_platform_junit_platform_suite_api/jar/junit-platform-suite-api-1.5.1-ijar.jar!/" />
    </CLASSES>
    <JAVADOC />
    <SOURCES />
  </library>
</component>